\BOOKMARK [1][-]{section*.1}{Introduction}{}% 1
\BOOKMARK [2][-]{subsection*.2}{Reference Cohorts}{section*.1}% 2
\BOOKMARK [2][-]{subsection*.3}{Imputation}{section*.1}% 3
\BOOKMARK [2][-]{subsection*.4}{Mutation Spectrum}{section*.1}% 4
\BOOKMARK [2][-]{subsection*.5}{Motivations}{section*.1}% 5
\BOOKMARK [1][-]{section*.6}{Results}{}% 6
\BOOKMARK [2][-]{subsection*.7}{A peculiar mutational signature in Japan}{section*.6}% 7
\BOOKMARK [2][-]{subsection*.9}{Sequencing quality over time}{section*.6}% 8
\BOOKMARK [2][-]{subsection*.11}{Overlap of significant SNPs}{section*.6}% 9
\BOOKMARK [2][-]{subsection*.13}{Imputation}{section*.6}% 10
\BOOKMARK [2][-]{subsection*.14}{Found to be included in other GWA studies}{section*.6}% 11
\BOOKMARK [1][-]{section*.15}{Discussion}{}% 12
\BOOKMARK [2][-]{subsection*.16}{Why do we care?}{section*.15}% 13
\BOOKMARK [2][-]{subsection*.17}{Recommendations}{section*.15}% 14
\BOOKMARK [2][-]{subsection*.18}{Imputation}{section*.15}% 15
\BOOKMARK [2][-]{subsection*.19}{GWA studies from other papers}{section*.15}% 16
\BOOKMARK [1][-]{section*.20}{Conclusion}{}% 17
\BOOKMARK [1][-]{section*.21}{Methods}{}% 18
\BOOKMARK [2][-]{subsection*.22}{Metadata}{section*.21}% 19
\BOOKMARK [2][-]{subsection*.23}{Data Availability}{section*.21}% 20
\BOOKMARK [2][-]{subsection*.24}{Quality Controls}{section*.21}% 21
\BOOKMARK [2][-]{subsection*.25}{Genome Wide Association}{section*.21}% 22
\BOOKMARK [2][-]{subsection*.26}{Mutation Spectrum}{section*.21}% 23
\BOOKMARK [2][-]{subsection*.27}{Imputation}{section*.21}% 24
\BOOKMARK [1][-]{section*.28}{Code Availability}{}% 25
\BOOKMARK [1][-]{section*.29}{Acknowledgments}{}% 26
