\BOOKMARK [1][-]{section*.1}{Introduction}{}% 1
\BOOKMARK [2][-]{subsection*.2}{Reference Cohorts}{section*.1}% 2
\BOOKMARK [2][-]{subsection*.3}{Motivations}{section*.1}% 3
\BOOKMARK [1][-]{section*.4}{Results}{}% 4
\BOOKMARK [2][-]{subsection*.5}{A peculiar mutational signature in Japan}{section*.4}% 5
\BOOKMARK [2][-]{subsection*.7}{Sequencing quality over time}{section*.4}% 6
\BOOKMARK [2][-]{subsection*.9}{Overlap of significant SNPs}{section*.4}% 7
\BOOKMARK [2][-]{subsection*.11}{Imputation}{section*.4}% 8
\BOOKMARK [2][-]{subsection*.12}{Found to be included in other GWA studies}{section*.4}% 9
\BOOKMARK [1][-]{section*.13}{Discussion}{}% 10
\BOOKMARK [2][-]{subsection*.14}{Why do we care?}{section*.13}% 11
\BOOKMARK [2][-]{subsection*.15}{Recommendations}{section*.13}% 12
\BOOKMARK [2][-]{subsection*.16}{Imputation}{section*.13}% 13
\BOOKMARK [2][-]{subsection*.17}{GWA studies from other papers}{section*.13}% 14
\BOOKMARK [1][-]{section*.18}{Conclusion}{}% 15
\BOOKMARK [1][-]{section*.19}{Methods}{}% 16
\BOOKMARK [2][-]{subsection*.20}{Metadata}{section*.19}% 17
\BOOKMARK [2][-]{subsection*.21}{Data Availability}{section*.19}% 18
\BOOKMARK [2][-]{subsection*.22}{Quality Controls}{section*.19}% 19
\BOOKMARK [2][-]{subsection*.23}{Genome Wide Association}{section*.19}% 20
\BOOKMARK [2][-]{subsection*.24}{Mutation Spectrum}{section*.19}% 21
\BOOKMARK [2][-]{subsection*.25}{Imputation}{section*.19}% 22
\BOOKMARK [1][-]{section*.26}{Code Availability}{}% 23
\BOOKMARK [1][-]{section*.27}{Acknowledgments}{}% 24
