\BOOKMARK [1][-]{section.1}{\376\377\000I\000n\000t\000r\000o\000d\000u\000c\000t\000i\000o\000n}{}% 1
\BOOKMARK [2][-]{subsection.2}{\376\377\000T\000h\000e\000s\000i\000s\000\040\000p\000r\000o\000p\000o\000s\000a\000l}{section.1}% 2
\BOOKMARK [0][-]{chapter.3}{\376\377\000M\000u\000t\000a\000t\000i\000o\000n\000a\000l\000\040\000s\000i\000g\000n\000a\000t\000u\000r\000e\000s\000\040\000i\000n\000\040\000J\000a\000p\000a\000n}{}% 3
\BOOKMARK [1][-]{subsection.4}{\376\377\000B\000a\000t\000c\000h\000\040\000E\000f\000f\000e\000c\000t\000s\000\040\000i\000n\000\040\000A\000g\000i\000n\000g\000\040\000R\000e\000f\000e\000r\000e\000n\000c\000e\000\040\000C\000o\000h\000o\000r\000t\000\040\000D\000a\000t\000a}{chapter.3}% 4
\BOOKMARK [2][-]{subsection.5}{\376\377\000M\000u\000t\000a\000t\000i\000o\000n\000a\000l\000\040\000S\000i\000g\000n\000a\000t\000u\000r\000e\000s}{subsection.4}% 5
\BOOKMARK [1][-]{section.6}{\376\377\000R\000e\000s\000u\000l\000t\000s}{chapter.3}% 6
\BOOKMARK [2][-]{subsection.7}{\376\377\000A\000\040\000p\000e\000c\000u\000l\000i\000a\000r\000\040\000m\000u\000t\000a\000t\000i\000o\000n\000a\000l\000\040\000s\000i\000g\000n\000a\000t\000u\000r\000e\000\040\000i\000n\000\040\000J\000a\000p\000a\000n}{section.6}% 7
\BOOKMARK [2][-]{subsection.8}{\376\377\000R\000e\000v\000e\000r\000s\000e\000\040\000G\000W\000A\000S}{section.6}% 8
\BOOKMARK [2][-]{subsection.9}{\376\377\000I\000d\000e\000n\000t\000i\000f\000y\000i\000n\000g\000\040\000S\000u\000s\000p\000i\000c\000i\000o\000u\000s\000\040\000S\000N\000P\000s\000\040\000i\000n\000\040\000t\000h\000e\000\040\0001\000k\000G\000P}{section.6}% 9
\BOOKMARK [2][-]{subsection.10}{\376\377\000S\000u\000s\000p\000i\000c\000i\000o\000u\000s\000\040\000v\000a\000r\000i\000a\000n\000t\000s\000\040\000i\000m\000p\000a\000c\000t\000\040\000m\000o\000d\000e\000r\000n\000\040\000g\000e\000n\000o\000m\000i\000c\000s\000\040\000a\000n\000a\000l\000y\000s\000e\000s}{section.6}% 10
\BOOKMARK [2][-]{subsection.11}{\376\377\000R\000e\000c\000o\000m\000m\000e\000n\000d\000a\000t\000i\000o\000n\000s}{section.6}% 11
\BOOKMARK [0][-]{chapter.12}{\376\377\000P\000o\000p\000u\000l\000a\000t\000i\000o\000n\000\040\000s\000t\000r\000u\000c\000t\000u\000r\000e\000\040\000o\000f\000\040\000Q\000u\000e\000b\000e\000c}{}% 12
\BOOKMARK [1][-]{section.13}{\376\377\000B\000r\000i\000e\000f\000\040\000H\000i\000s\000t\000o\000r\000y\000\040\000o\000f\000\040\000Q\000u\000e\000b\000e\000c}{chapter.12}% 13
\BOOKMARK [2][-]{subsection.14}{\376\377\000A\000\040\000c\000a\000s\000e\000\040\000s\000t\000u\000d\000y\000\040\000o\000f\000\040\000f\000o\000u\000n\000d\000e\000r\000\040\000p\000o\000p\000u\000l\000a\000t\000i\000o\000n\000s}{section.13}% 14
\BOOKMARK [1][-]{section.15}{\376\377\000M\000a\000t\000e\000r\000i\000a\000l\000s\000\040\000a\000n\000d\000\040\000M\000e\000t\000h\000o\000d\000s}{chapter.12}% 15
\BOOKMARK [2][-]{subsection.16}{\376\377\000F\000o\000u\000n\000d\000e\000r\000\040\000e\000f\000f\000e\000c\000t\000\040\000o\000r\000\040\000A\000n\000c\000i\000e\000n\000t\000\040\000p\000o\000p\000u\000l\000a\000t\000i\000o\000n\000\040\000s\000t\000r\000u\000c\000t\000u\000r\000e\000?}{section.15}% 16
\BOOKMARK [1][-]{section.17}{\376\377\000R\000e\000s\000u\000l\000t\000s\000\040\000:\000\040\000t\000h\000e\000\040\000g\000e\000o\000g\000r\000a\000p\000h\000y\000\040\000o\000f\000\040\000g\000e\000n\000e\000t\000i\000c\000s}{chapter.12}% 17
\BOOKMARK [1][-]{section.18}{\376\377\000F\000u\000t\000u\000r\000e\000\040\000d\000i\000r\000e\000c\000t\000i\000o\000n\000s}{chapter.12}% 18
\BOOKMARK [0][-]{chapter.19}{\376\377\000E\000s\000t\000i\000m\000a\000t\000i\000n\000g\000\040\000h\000u\000m\000a\000n\000\040\000m\000u\000t\000a\000t\000i\000o\000n\000\040\000r\000a\000t\000e\000s}{}% 19
\BOOKMARK [1][-]{section.20}{\376\377\000R\000e\000v\000i\000e\000w\000\040\000o\000f\000\040\000c\000u\000r\000r\000e\000n\000t\000\040\000m\000e\000t\000h\000o\000d\000s\000\040\000a\000n\000d\000\040\000l\000i\000m\000i\000t\000a\000t\000i\000o\000n\000s}{chapter.19}% 20
\BOOKMARK [2][-]{subsection.21}{\376\377\000A\000p\000p\000l\000y\000i\000n\000g\000\040\000n\000e\000w\000\040\000m\000e\000t\000h\000o\000d\000s\000\040\000t\000o\000\040\000n\000e\000w\000\040\000d\000a\000t\000a}{section.20}% 21
\BOOKMARK [0][-]{appendix*.26}{\376\377\000B\000i\000b\000l\000i\000o\000g\000r\000a\000p\000h\000y}{}% 22
